{"level":"error","message":"Updating student is not succesfull because student with 66f9462a6359af1dedb19b7c does not exisits in database","timestamp":"2024-10-04T04:25:22.141Z"}
{"_message":"Jobs validation failed","errors":{"description":{"kind":"required","message":"Path `description` is required.","name":"ValidatorError","path":"description","properties":{"message":"Path `description` is required.","path":"description","type":"required"}},"hours_required":{"kind":"required","message":"Path `hours_required` is required.","name":"ValidatorError","path":"hours_required","properties":{"message":"Path `hours_required` is required.","path":"hours_required","type":"required"}},"last_date":{"kind":"required","message":"Path `last_date` is required.","name":"ValidatorError","path":"last_date","properties":{"message":"Path `last_date` is required.","path":"last_date","type":"required"}},"prof_name":{"kind":"required","message":"Path `prof_name` is required.","name":"ValidatorError","path":"prof_name","properties":{"message":"Path `prof_name` is required.","path":"prof_name","type":"required"}},"stipend":{"kind":"required","message":"Path `stipend` is required.","name":"ValidatorError","path":"stipend","properties":{"message":"Path `stipend` is required.","path":"stipend","type":"required"}},"title":{"kind":"required","message":"Path `title` is required.","name":"ValidatorError","path":"title","properties":{"message":"Path `title` is required.","path":"title","type":"required"}},"type":{"kind":"required","message":"Path `type` is required.","name":"ValidatorError","path":"type","properties":{"message":"Path `type` is required.","path":"type","type":"required"}}},"level":"error","message":"Jobs validation failed: last_date: Path `last_date` is required., hours_required: Path `hours_required` is required., stipend: Path `stipend` is required., type: Path `type` is required., description: Path `description` is required., title: Path `title` is required., prof_name: Path `prof_name` is required.","name":"ValidationError","timestamp":"2024-10-24T13:24:10.627Z"}
{"_message":"Jobs validation failed","errors":{"description":{"kind":"required","message":"Path `description` is required.","name":"ValidatorError","path":"description","properties":{"message":"Path `description` is required.","path":"description","type":"required"}},"hours_required":{"kind":"required","message":"Path `hours_required` is required.","name":"ValidatorError","path":"hours_required","properties":{"message":"Path `hours_required` is required.","path":"hours_required","type":"required"}},"last_date":{"kind":"required","message":"Path `last_date` is required.","name":"ValidatorError","path":"last_date","properties":{"message":"Path `last_date` is required.","path":"last_date","type":"required"}},"prof_name":{"kind":"required","message":"Path `prof_name` is required.","name":"ValidatorError","path":"prof_name","properties":{"message":"Path `prof_name` is required.","path":"prof_name","type":"required"}},"stipend":{"kind":"required","message":"Path `stipend` is required.","name":"ValidatorError","path":"stipend","properties":{"message":"Path `stipend` is required.","path":"stipend","type":"required"}},"title":{"kind":"required","message":"Path `title` is required.","name":"ValidatorError","path":"title","properties":{"message":"Path `title` is required.","path":"title","type":"required"}},"type":{"kind":"required","message":"Path `type` is required.","name":"ValidatorError","path":"type","properties":{"message":"Path `type` is required.","path":"type","type":"required"}}},"level":"error","message":"Jobs validation failed: last_date: Path `last_date` is required., hours_required: Path `hours_required` is required., stipend: Path `stipend` is required., type: Path `type` is required., description: Path `description` is required., title: Path `title` is required., prof_name: Path `prof_name` is required.","name":"ValidationError","timestamp":"2024-10-24T13:27:43.238Z"}
{"level":"error","timestamp":"2024-10-24T13:28:32.628Z"}
{"_message":"Jobs validation failed","errors":{"description":{"kind":"required","message":"Path `description` is required.","name":"ValidatorError","path":"description","properties":{"message":"Path `description` is required.","path":"description","type":"required"}},"hours_required":{"kind":"required","message":"Path `hours_required` is required.","name":"ValidatorError","path":"hours_required","properties":{"message":"Path `hours_required` is required.","path":"hours_required","type":"required"}},"last_date":{"kind":"required","message":"Path `last_date` is required.","name":"ValidatorError","path":"last_date","properties":{"message":"Path `last_date` is required.","path":"last_date","type":"required"}},"prof_name":{"kind":"required","message":"Path `prof_name` is required.","name":"ValidatorError","path":"prof_name","properties":{"message":"Path `prof_name` is required.","path":"prof_name","type":"required"}},"stipend":{"kind":"required","message":"Path `stipend` is required.","name":"ValidatorError","path":"stipend","properties":{"message":"Path `stipend` is required.","path":"stipend","type":"required"}},"title":{"kind":"required","message":"Path `title` is required.","name":"ValidatorError","path":"title","properties":{"message":"Path `title` is required.","path":"title","type":"required"}},"type":{"kind":"required","message":"Path `type` is required.","name":"ValidatorError","path":"type","properties":{"message":"Path `type` is required.","path":"type","type":"required"}}},"level":"error","message":"Jobs validation failed: last_date: Path `last_date` is required., hours_required: Path `hours_required` is required., stipend: Path `stipend` is required., type: Path `type` is required., description: Path `description` is required., title: Path `title` is required., prof_name: Path `prof_name` is required.","name":"ValidationError","timestamp":"2024-10-24T13:28:43.010Z"}
{"_message":"Jobs validation failed","errors":{"description":{"kind":"required","message":"Path `description` is required.","name":"ValidatorError","path":"description","properties":{"message":"Path `description` is required.","path":"description","type":"required"}},"hours_required":{"kind":"required","message":"Path `hours_required` is required.","name":"ValidatorError","path":"hours_required","properties":{"message":"Path `hours_required` is required.","path":"hours_required","type":"required"}},"last_date":{"kind":"required","message":"Path `last_date` is required.","name":"ValidatorError","path":"last_date","properties":{"message":"Path `last_date` is required.","path":"last_date","type":"required"}},"prof_name":{"kind":"required","message":"Path `prof_name` is required.","name":"ValidatorError","path":"prof_name","properties":{"message":"Path `prof_name` is required.","path":"prof_name","type":"required"}},"stipend":{"kind":"required","message":"Path `stipend` is required.","name":"ValidatorError","path":"stipend","properties":{"message":"Path `stipend` is required.","path":"stipend","type":"required"}},"title":{"kind":"required","message":"Path `title` is required.","name":"ValidatorError","path":"title","properties":{"message":"Path `title` is required.","path":"title","type":"required"}},"type":{"kind":"required","message":"Path `type` is required.","name":"ValidatorError","path":"type","properties":{"message":"Path `type` is required.","path":"type","type":"required"}}},"level":"error","message":"Jobs validation failed: last_date: Path `last_date` is required., hours_required: Path `hours_required` is required., stipend: Path `stipend` is required., type: Path `type` is required., description: Path `description` is required., title: Path `title` is required., prof_name: Path `prof_name` is required.","name":"ValidationError","timestamp":"2024-10-24T13:29:17.919Z"}
{"_message":"Jobs validation failed","errors":{"description":{"kind":"required","message":"Path `description` is required.","name":"ValidatorError","path":"description","properties":{"message":"Path `description` is required.","path":"description","type":"required"}},"hours_required":{"kind":"required","message":"Path `hours_required` is required.","name":"ValidatorError","path":"hours_required","properties":{"message":"Path `hours_required` is required.","path":"hours_required","type":"required"}},"last_date":{"kind":"required","message":"Path `last_date` is required.","name":"ValidatorError","path":"last_date","properties":{"message":"Path `last_date` is required.","path":"last_date","type":"required"}},"prof_name":{"kind":"required","message":"Path `prof_name` is required.","name":"ValidatorError","path":"prof_name","properties":{"message":"Path `prof_name` is required.","path":"prof_name","type":"required"}},"stipend":{"kind":"required","message":"Path `stipend` is required.","name":"ValidatorError","path":"stipend","properties":{"message":"Path `stipend` is required.","path":"stipend","type":"required"}},"title":{"kind":"required","message":"Path `title` is required.","name":"ValidatorError","path":"title","properties":{"message":"Path `title` is required.","path":"title","type":"required"}},"type":{"kind":"required","message":"Path `type` is required.","name":"ValidatorError","path":"type","properties":{"message":"Path `type` is required.","path":"type","type":"required"}}},"level":"error","message":"Jobs validation failed: last_date: Path `last_date` is required., hours_required: Path `hours_required` is required., stipend: Path `stipend` is required., type: Path `type` is required., description: Path `description` is required., title: Path `title` is required., prof_name: Path `prof_name` is required.","name":"ValidationError","timestamp":"2024-10-24T13:29:59.819Z"}
{"_message":"Jobs validation failed","errors":{"description":{"kind":"required","message":"Path `description` is required.","name":"ValidatorError","path":"description","properties":{"message":"Path `description` is required.","path":"description","type":"required"}},"hours_required":{"kind":"required","message":"Path `hours_required` is required.","name":"ValidatorError","path":"hours_required","properties":{"message":"Path `hours_required` is required.","path":"hours_required","type":"required"}},"last_date":{"kind":"required","message":"Path `last_date` is required.","name":"ValidatorError","path":"last_date","properties":{"message":"Path `last_date` is required.","path":"last_date","type":"required"}},"prof_name":{"kind":"required","message":"Path `prof_name` is required.","name":"ValidatorError","path":"prof_name","properties":{"message":"Path `prof_name` is required.","path":"prof_name","type":"required"}},"stipend":{"kind":"required","message":"Path `stipend` is required.","name":"ValidatorError","path":"stipend","properties":{"message":"Path `stipend` is required.","path":"stipend","type":"required"}},"title":{"kind":"required","message":"Path `title` is required.","name":"ValidatorError","path":"title","properties":{"message":"Path `title` is required.","path":"title","type":"required"}},"type":{"kind":"required","message":"Path `type` is required.","name":"ValidatorError","path":"type","properties":{"message":"Path `type` is required.","path":"type","type":"required"}}},"level":"error","message":"Jobs validation failed: last_date: Path `last_date` is required., hours_required: Path `hours_required` is required., stipend: Path `stipend` is required., type: Path `type` is required., description: Path `description` is required., title: Path `title` is required., prof_name: Path `prof_name` is required.","name":"ValidationError","timestamp":"2024-10-24T13:31:11.975Z"}
{"_message":"Jobs validation failed","errors":{"description":{"kind":"required","message":"Path `description` is required.","name":"ValidatorError","path":"description","properties":{"message":"Path `description` is required.","path":"description","type":"required"}},"hours_required":{"kind":"required","message":"Path `hours_required` is required.","name":"ValidatorError","path":"hours_required","properties":{"message":"Path `hours_required` is required.","path":"hours_required","type":"required"}},"last_date":{"kind":"required","message":"Path `last_date` is required.","name":"ValidatorError","path":"last_date","properties":{"message":"Path `last_date` is required.","path":"last_date","type":"required"}},"prof_name":{"kind":"required","message":"Path `prof_name` is required.","name":"ValidatorError","path":"prof_name","properties":{"message":"Path `prof_name` is required.","path":"prof_name","type":"required"}},"stipend":{"kind":"required","message":"Path `stipend` is required.","name":"ValidatorError","path":"stipend","properties":{"message":"Path `stipend` is required.","path":"stipend","type":"required"}},"title":{"kind":"required","message":"Path `title` is required.","name":"ValidatorError","path":"title","properties":{"message":"Path `title` is required.","path":"title","type":"required"}},"type":{"kind":"required","message":"Path `type` is required.","name":"ValidatorError","path":"type","properties":{"message":"Path `type` is required.","path":"type","type":"required"}}},"level":"error","message":"Jobs validation failed: last_date: Path `last_date` is required., hours_required: Path `hours_required` is required., stipend: Path `stipend` is required., type: Path `type` is required., description: Path `description` is required., title: Path `title` is required., prof_name: Path `prof_name` is required.","name":"ValidationError","timestamp":"2024-10-24T13:31:37.349Z"}
{"level":"error","message":"Error fetching user information: Error: Client network socket disconnected before secure TLS connection was established","timestamp":"2024-10-24T13:32:11.586Z"}
{"level":"error","timestamp":"2024-10-24T13:32:11.587Z"}
{"_message":"Jobs validation failed","errors":{"description":{"kind":"required","message":"Path `description` is required.","name":"ValidatorError","path":"description","properties":{"message":"Path `description` is required.","path":"description","type":"required"}},"hours_required":{"kind":"required","message":"Path `hours_required` is required.","name":"ValidatorError","path":"hours_required","properties":{"message":"Path `hours_required` is required.","path":"hours_required","type":"required"}},"last_date":{"kind":"required","message":"Path `last_date` is required.","name":"ValidatorError","path":"last_date","properties":{"message":"Path `last_date` is required.","path":"last_date","type":"required"}},"prof_name":{"kind":"required","message":"Path `prof_name` is required.","name":"ValidatorError","path":"prof_name","properties":{"message":"Path `prof_name` is required.","path":"prof_name","type":"required"}},"stipend":{"kind":"required","message":"Path `stipend` is required.","name":"ValidatorError","path":"stipend","properties":{"message":"Path `stipend` is required.","path":"stipend","type":"required"}},"title":{"kind":"required","message":"Path `title` is required.","name":"ValidatorError","path":"title","properties":{"message":"Path `title` is required.","path":"title","type":"required"}},"type":{"kind":"required","message":"Path `type` is required.","name":"ValidatorError","path":"type","properties":{"message":"Path `type` is required.","path":"type","type":"required"}}},"level":"error","message":"Jobs validation failed: last_date: Path `last_date` is required., hours_required: Path `hours_required` is required., stipend: Path `stipend` is required., type: Path `type` is required., description: Path `description` is required., title: Path `title` is required., prof_name: Path `prof_name` is required.","name":"ValidationError","timestamp":"2024-10-24T13:33:30.885Z"}
{"_message":"Jobs validation failed","errors":{"description":{"kind":"required","message":"Path `description` is required.","name":"ValidatorError","path":"description","properties":{"message":"Path `description` is required.","path":"description","type":"required"}},"hours_required":{"kind":"required","message":"Path `hours_required` is required.","name":"ValidatorError","path":"hours_required","properties":{"message":"Path `hours_required` is required.","path":"hours_required","type":"required"}},"last_date":{"kind":"required","message":"Path `last_date` is required.","name":"ValidatorError","path":"last_date","properties":{"message":"Path `last_date` is required.","path":"last_date","type":"required"}},"prof_name":{"kind":"required","message":"Path `prof_name` is required.","name":"ValidatorError","path":"prof_name","properties":{"message":"Path `prof_name` is required.","path":"prof_name","type":"required"}},"stipend":{"kind":"required","message":"Path `stipend` is required.","name":"ValidatorError","path":"stipend","properties":{"message":"Path `stipend` is required.","path":"stipend","type":"required"}},"title":{"kind":"required","message":"Path `title` is required.","name":"ValidatorError","path":"title","properties":{"message":"Path `title` is required.","path":"title","type":"required"}},"type":{"kind":"required","message":"Path `type` is required.","name":"ValidatorError","path":"type","properties":{"message":"Path `type` is required.","path":"type","type":"required"}}},"level":"error","message":"Jobs validation failed: last_date: Path `last_date` is required., hours_required: Path `hours_required` is required., stipend: Path `stipend` is required., type: Path `type` is required., description: Path `description` is required., title: Path `title` is required., prof_name: Path `prof_name` is required.","name":"ValidationError","timestamp":"2024-10-24T13:34:17.822Z"}
{"level":"error","timestamp":"2024-10-24T13:34:44.800Z"}
{"kind":"ObjectId","message":"Cast to ObjectId failed for value \"{ _id: '[object Object]' }\" (type Object) at path \"_id\" for model \"Recruiter\"","name":"CastError","path":"_id","reason":{},"stringValue":"\"{ _id: '[object Object]' }\"","value":{"_id":"[object Object]"},"valueType":"Object"}
{"kind":"ObjectId","message":"Cast to ObjectId failed for value \"{ _id: '[object Object]' }\" (type Object) at path \"_id\" for model \"Recruiter\"","name":"CastError","path":"_id","reason":{},"stringValue":"\"{ _id: '[object Object]' }\"","value":{"_id":"[object Object]"},"valueType":"Object"}
{"kind":"ObjectId","message":"Cast to ObjectId failed for value \"{ _id: '[object Object]' }\" (type Object) at path \"_id\" for model \"Recruiter\"","name":"CastError","path":"_id","reason":{},"stringValue":"\"{ _id: '[object Object]' }\"","value":{"_id":"[object Object]"},"valueType":"Object"}
{"kind":"ObjectId","message":"Cast to ObjectId failed for value \"{ _id: '[object Object]' }\" (type Object) at path \"_id\" for model \"Recruiter\"","name":"CastError","path":"_id","reason":{},"stringValue":"\"{ _id: '[object Object]' }\"","value":{"_id":"[object Object]"},"valueType":"Object"}
{"code":"ERR_HTTP_HEADERS_SENT","level":"error","timestamp":"2024-10-24T15:50:31.286Z"}
{"code":"ERR_HTTP_HEADERS_SENT","level":"error","timestamp":"2024-10-24T16:06:44.822Z"}
{"code":"ERR_HTTP_HEADERS_SENT","level":"error","timestamp":"2024-10-24T16:19:17.619Z"}
{"code":"ERR_HTTP_HEADERS_SENT","level":"error","timestamp":"2024-10-24T16:19:40.678Z"}
{"code":"ERR_HTTP_HEADERS_SENT","level":"error","timestamp":"2024-10-24T16:21:33.553Z"}
{"code":"ERR_HTTP_HEADERS_SENT","level":"error","timestamp":"2024-10-24T16:23:03.348Z"}
{"code":"ERR_HTTP_HEADERS_SENT","level":"error","timestamp":"2024-10-24T16:24:03.561Z"}
{"code":"ERR_HTTP_HEADERS_SENT","level":"error","timestamp":"2024-10-24T16:28:03.381Z"}
{"code":"ERR_HTTP_HEADERS_SENT","level":"error","timestamp":"2024-10-24T16:28:55.797Z"}
{"code":"ERR_HTTP_HEADERS_SENT","level":"error","timestamp":"2024-10-24T16:30:53.484Z"}
{"code":"ERR_HTTP_HEADERS_SENT","level":"error","timestamp":"2024-10-24T16:32:32.143Z"}
{"code":"ERR_HTTP_HEADERS_SENT","level":"error","timestamp":"2024-10-24T16:35:25.451Z"}
{"code":"ERR_HTTP_HEADERS_SENT","level":"error","timestamp":"2024-10-24T16:35:54.153Z"}
{"code":"ERR_HTTP_HEADERS_SENT","level":"error","timestamp":"2024-10-24T16:50:16.454Z"}
{"level":"error","message":"Recruiter not found with ID 671a4d6c09e816ee2fe4e03d","timestamp":"2024-10-24T16:51:41.205Z"}
{"level":"error","message":"Recruiter not found with ID 671a4d6c09e816ee2fe4e03d","timestamp":"2024-10-24T16:51:41.208Z"}
{"level":"error","message":"Recruiter not found with ID 671a4d6c09e816ee2fe4e03d","timestamp":"2024-10-24T16:52:09.726Z"}
{"level":"error","message":"Recruiter not found with ID 671a4d6c09e816ee2fe4e03d","timestamp":"2024-10-24T16:52:09.728Z"}
{"level":"error","message":"Recruiter not found with ID 671a4d6c09e816ee2fe4e03d","timestamp":"2024-10-24T17:03:00.372Z"}
{"level":"error","message":"Recruiter not found with ID 671a4d6c09e816ee2fe4e03d","timestamp":"2024-10-24T17:03:00.376Z"}
{"level":"error","message":"Recruiter not found with ID 671a4d6c09e816ee2fe4e03d","timestamp":"2024-10-24T17:03:28.985Z"}
{"level":"error","message":"Recruiter not found with ID 671a4d6c09e816ee2fe4e03d","timestamp":"2024-10-24T17:04:07.111Z"}
{"level":"error","message":"unable to connect to db , MongooseServerSelectionError: connect ECONNREFUSED ::1:27017, connect ECONNREFUSED 127.0.0.1:27017","timestamp":"2024-10-29T09:45:57.935Z"}
{"level":"error","timestamp":"2024-10-29T09:46:41.421Z"}
{"level":"error","timestamp":"2024-10-29T09:47:06.287Z"}
{"level":"error","timestamp":"2024-10-29T09:49:30.169Z"}
{"level":"error","timestamp":"2024-10-29T09:49:44.156Z"}
{"level":"error","message":"unable to connect to db , MongooseServerSelectionError: connect ECONNREFUSED ::1:27017, connect ECONNREFUSED 127.0.0.1:27017","timestamp":"2024-10-29T09:52:42.304Z"}
{"level":"error","timestamp":"2024-10-29T09:58:06.520Z"}
{"level":"error","timestamp":"2024-10-29T09:58:33.020Z"}
{"level":"error","timestamp":"2024-10-29T09:59:43.822Z"}
{"level":"error","timestamp":"2024-10-29T10:04:17.592Z"}
{"level":"error","timestamp":"2024-10-29T10:04:47.341Z"}
{"level":"error","message":"unable to connect to db , MongooseServerSelectionError: connect ECONNREFUSED ::1:27017, connect ECONNREFUSED 127.0.0.1:27017","timestamp":"2024-10-29T10:07:14.744Z"}
{"level":"error","timestamp":"2024-10-29T10:08:58.915Z"}
{"level":"error","message":"unable to connect to db , MongooseServerSelectionError: connect ECONNREFUSED ::1:27017, connect ECONNREFUSED 127.0.0.1:27017","timestamp":"2024-10-29T10:09:13.285Z"}
{"level":"error","message":"Token fetch failed with status: Bad Request","timestamp":"2024-10-29T10:12:09.366Z"}
{"level":"error","message":"Error in onedriveRedirect: Failed to fetch token: Bad Request","stack":"Error: Failed to fetch token: Bad Request\n    at onedriveRedirect (file:///Users/adityasamal/Documents/Research_Intern_Portal/server/src/auth/controllers/auth.js:71:13)\n    at process.processTicksAndRejections (node:internal/process/task_queues:95:5)","timestamp":"2024-10-29T10:12:09.367Z"}
{"level":"error","message":"Error in onedriveRedirect: Operation `users.findOne()` buffering timed out after 10000ms","stack":"MongooseError: Operation `users.findOne()` buffering timed out after 10000ms\n    at Timeout.<anonymous> (/Users/adityasamal/Documents/Research_Intern_Portal/server/node_modules/mongoose/lib/drivers/node-mongodb-native/collection.js:185:23)\n    at listOnTimeout (node:internal/timers:573:17)\n    at process.processTimers (node:internal/timers:514:7)","timestamp":"2024-10-29T10:12:23.282Z"}
{"level":"error","message":"unable to connect to db , MongooseServerSelectionError: connect ECONNREFUSED ::1:27017, connect ECONNREFUSED 127.0.0.1:27017","timestamp":"2024-10-29T10:12:33.110Z"}
{"level":"error","timestamp":"2024-10-29T10:13:05.919Z"}
{"level":"error","timestamp":"2024-10-29T10:13:19.808Z"}
{"level":"error","message":"unable to connect to db , MongooseServerSelectionError: connect ECONNREFUSED ::1:27017, connect ECONNREFUSED 127.0.0.1:27017","timestamp":"2024-10-29T10:13:32.698Z"}
{"level":"error","timestamp":"2024-10-29T10:13:38.826Z"}
{"level":"error","timestamp":"2024-10-29T10:13:52.783Z"}
{"level":"error","message":"unable to connect to db , MongooseServerSelectionError: connect ECONNREFUSED ::1:27017, connect ECONNREFUSED 127.0.0.1:27017","timestamp":"2024-10-29T10:14:06.710Z"}
{"level":"error","message":"unable to connect to db , MongooseServerSelectionError: connect ECONNREFUSED ::1:27017, connect ECONNREFUSED 127.0.0.1:27017","timestamp":"2024-10-29T10:14:41.470Z"}
{"level":"error","timestamp":"2024-10-29T10:15:02.354Z"}
{"level":"error","message":"unable to connect to db , MongooseServerSelectionError: connect ECONNREFUSED ::1:27017, connect ECONNREFUSED 127.0.0.1:27017","timestamp":"2024-10-29T10:15:30.614Z"}
{"level":"error","message":"unable to connect to db , MongooseServerSelectionError: connect ECONNREFUSED ::1:27017, connect ECONNREFUSED 127.0.0.1:27017","timestamp":"2024-10-29T10:16:15.311Z"}
{"level":"error","message":"unable to connect to db , MongooseServerSelectionError: connect ECONNREFUSED ::1:27017, connect ECONNREFUSED 127.0.0.1:27017","timestamp":"2024-10-29T10:18:17.382Z"}
{"level":"error","message":"unable to connect to db , MongooseServerSelectionError: connect ECONNREFUSED ::1:27017, connect ECONNREFUSED 127.0.0.1:27017","timestamp":"2024-10-29T10:51:55.095Z"}
{"level":"error","message":"unable to connect to db , MongooseServerSelectionError: connect ECONNREFUSED ::1:27017, connect ECONNREFUSED 127.0.0.1:27017","timestamp":"2024-10-29T10:56:07.133Z"}
{"level":"error","timestamp":"2024-10-29T10:59:17.175Z"}
{"level":"error","timestamp":"2024-10-29T10:59:19.537Z"}
{"level":"error","timestamp":"2024-10-29T11:01:10.505Z"}
{"level":"error","message":"Recruiter not found with ID 6720c0a3f25dbcf7564064bb","timestamp":"2024-10-29T11:04:41.403Z"}
{"level":"error","message":"Recruiter not found with ID 6720c0a3f25dbcf7564064bb","timestamp":"2024-10-29T11:04:41.411Z"}
{"level":"error","message":"Recruiter not found with ID 6720c0a3f25dbcf7564064bb","timestamp":"2024-10-29T11:04:53.470Z"}
{"level":"error","message":"Recruiter not found with ID 6720c0a3f25dbcf7564064bb","timestamp":"2024-10-29T11:04:53.477Z"}
{"level":"error","message":"Recruiter not found with ID 6720c0a3f25dbcf7564064bb","timestamp":"2024-10-29T11:05:01.057Z"}
{"level":"error","message":"Recruiter not found with ID 6720c0a3f25dbcf7564064bb","timestamp":"2024-10-29T11:05:01.061Z"}
{"level":"error","message":"Recruiter not found with ID 6720c0a3f25dbcf7564064bb","timestamp":"2024-10-29T11:05:05.364Z"}
{"level":"error","message":"Recruiter not found with ID 6720c0a3f25dbcf7564064bb","timestamp":"2024-10-29T11:05:05.369Z"}
{"level":"error","message":"Recruiter not found with ID 6720c0a3f25dbcf7564064bb","timestamp":"2024-10-29T11:05:06.783Z"}
{"level":"error","message":"Recruiter not found with ID 6720c0a3f25dbcf7564064bb","timestamp":"2024-10-29T11:05:06.789Z"}
{"level":"error","message":"Recruiter not found with ID 6720c0a3f25dbcf7564064bb","timestamp":"2024-10-29T11:05:08.061Z"}
{"level":"error","message":"Recruiter not found with ID 6720c0a3f25dbcf7564064bb","timestamp":"2024-10-29T11:05:08.065Z"}
{"level":"error","message":"Recruiter not found with ID 6720c0a3f25dbcf7564064bb","timestamp":"2024-10-29T11:05:09.792Z"}
{"level":"error","message":"Recruiter not found with ID 6720c0a3f25dbcf7564064bb","timestamp":"2024-10-29T11:05:09.797Z"}
{"level":"error","message":"Recruiter not found with ID 6720c0a3f25dbcf7564064bb","timestamp":"2024-10-29T11:05:19.843Z"}
{"level":"error","message":"Recruiter not found with ID 6720c0a3f25dbcf7564064bb","timestamp":"2024-10-29T11:05:19.850Z"}
{"level":"error","message":"Recruiter not found with ID 6720c0a3f25dbcf7564064bb","timestamp":"2024-10-29T11:05:38.576Z"}
{"level":"error","message":"Recruiter not found with ID 6720c0a3f25dbcf7564064bb","timestamp":"2024-10-29T11:05:38.580Z"}
{"level":"error","message":"Recruiter not found with ID 6720c0a3f25dbcf7564064bb","timestamp":"2024-10-29T11:06:26.781Z"}
{"level":"error","message":"Recruiter not found with ID 6720c0a3f25dbcf7564064bb","timestamp":"2024-10-29T11:06:26.785Z"}
{"level":"error","message":"Recruiter not found with ID 6720c0a3f25dbcf7564064bb","timestamp":"2024-10-29T11:06:35.387Z"}
{"level":"error","message":"Recruiter not found with ID 6720c0a3f25dbcf7564064bb","timestamp":"2024-10-29T11:06:35.390Z"}
{"level":"error","message":"Recruiter not found with ID 6720c0a3f25dbcf7564064bb","timestamp":"2024-10-29T11:06:38.168Z"}
{"level":"error","message":"Recruiter not found with ID 6720c0a3f25dbcf7564064bb","timestamp":"2024-10-29T11:06:38.172Z"}
{"level":"error","message":"Recruiter not found with ID 6720c0a3f25dbcf7564064bb","timestamp":"2024-10-29T11:07:11.642Z"}
{"level":"error","message":"Recruiter not found with ID 6720c0a3f25dbcf7564064bb","timestamp":"2024-10-29T11:07:11.645Z"}
{"level":"error","message":"Recruiter not found with ID 6720c0a3f25dbcf7564064bb","timestamp":"2024-10-29T11:07:12.665Z"}
{"level":"error","message":"Recruiter not found with ID 6720c0a3f25dbcf7564064bb","timestamp":"2024-10-29T11:07:12.670Z"}
{"level":"error","message":"Recruiter not found with ID 6720c0a3f25dbcf7564064bb","timestamp":"2024-10-29T11:07:13.363Z"}
{"level":"error","message":"Recruiter not found with ID 6720c0a3f25dbcf7564064bb","timestamp":"2024-10-29T11:07:13.367Z"}
{"level":"error","message":"Recruiter not found with ID 6720c0a3f25dbcf7564064bb","timestamp":"2024-10-29T11:07:13.946Z"}
{"level":"error","message":"Recruiter not found with ID 6720c0a3f25dbcf7564064bb","timestamp":"2024-10-29T11:07:13.950Z"}
{"level":"error","message":"Recruiter not found with ID 6720c0a3f25dbcf7564064bb","timestamp":"2024-10-29T11:07:14.477Z"}
{"level":"error","message":"Recruiter not found with ID 6720c0a3f25dbcf7564064bb","timestamp":"2024-10-29T11:07:14.482Z"}
{"level":"error","message":"Recruiter not found with ID 6720c0a3f25dbcf7564064bb","timestamp":"2024-10-29T11:07:14.971Z"}
{"level":"error","message":"Recruiter not found with ID 6720c0a3f25dbcf7564064bb","timestamp":"2024-10-29T11:07:14.977Z"}
{"level":"error","message":"Recruiter not found with ID 6720c0a3f25dbcf7564064bb","timestamp":"2024-10-29T11:07:18.474Z"}
{"level":"error","message":"Recruiter not found with ID 6720c0a3f25dbcf7564064bb","timestamp":"2024-10-29T11:07:18.477Z"}
{"level":"error","message":"Recruiter not found with ID 6720c0a3f25dbcf7564064bb","timestamp":"2024-10-29T11:07:28.054Z"}
{"level":"error","message":"Recruiter not found with ID 6720c0a3f25dbcf7564064bb","timestamp":"2024-10-29T11:07:28.056Z"}
{"level":"error","message":"Recruiter not found with ID 6720c0a3f25dbcf7564064bb","timestamp":"2024-10-29T11:07:29.613Z"}
{"level":"error","message":"Recruiter not found with ID 6720c0a3f25dbcf7564064bb","timestamp":"2024-10-29T11:07:29.617Z"}
{"level":"error","message":"Recruiter not found with ID 6720c0a3f25dbcf7564064bb","timestamp":"2024-10-29T11:08:48.023Z"}
{"level":"error","message":"Recruiter not found with ID 6720c0a3f25dbcf7564064bb","timestamp":"2024-10-29T11:08:48.027Z"}
{"level":"error","message":"Recruiter not found with ID 6720c0a3f25dbcf7564064bb","timestamp":"2024-10-29T11:09:12.376Z"}
{"level":"error","message":"Recruiter not found with ID 6720c0a3f25dbcf7564064bb","timestamp":"2024-10-29T11:09:12.382Z"}
{"level":"error","message":"Recruiter not found with ID 6720c0a3f25dbcf7564064bb","timestamp":"2024-10-29T11:09:22.619Z"}
{"level":"error","message":"Recruiter not found with ID 6720c0a3f25dbcf7564064bb","timestamp":"2024-10-29T11:09:22.624Z"}
{"level":"error","timestamp":"2024-10-30T07:43:22.616Z"}
{"level":"error","message":"Student not found with ID 67210ff709be39caa1369129","timestamp":"2024-10-30T07:47:45.091Z"}
{"level":"error","message":"Student not found with ID 67210ff709be39caa1369129","timestamp":"2024-10-30T07:47:47.104Z"}
{"level":"error","message":"Student not found with ID 67210ff709be39caa1369129","timestamp":"2024-10-30T07:48:04.773Z"}
{"level":"error","message":"Student not found with ID 67210ff709be39caa1369129","timestamp":"2024-10-30T07:48:05.519Z"}
{"level":"error","message":"Student not found with ID 67210ff709be39caa1369129","timestamp":"2024-10-30T07:48:05.903Z"}
{"level":"error","message":"Student not found with ID 67210ff709be39caa1369129","timestamp":"2024-10-30T07:48:06.183Z"}
{"level":"error","message":"Student not found with ID 67210ff709be39caa1369129","timestamp":"2024-10-30T07:48:06.587Z"}
{"level":"error","message":"Student not found with ID 67210ff709be39caa1369129","timestamp":"2024-10-30T07:48:16.521Z"}
{"level":"error","message":"Student not found with ID 67210ff709be39caa1369129","timestamp":"2024-10-30T07:48:17.187Z"}
{"level":"error","message":"Student not found with ID 67210ff709be39caa1369129","timestamp":"2024-10-30T07:48:17.557Z"}
{"level":"error","message":"Student not found with ID 67210ff709be39caa1369129","timestamp":"2024-10-30T07:48:17.836Z"}
{"level":"error","message":"Student not found with ID 67210ff709be39caa1369129","timestamp":"2024-10-30T07:48:18.117Z"}
{"level":"error","message":"Student not found with ID 67210ff709be39caa1369129","timestamp":"2024-10-30T07:48:18.436Z"}
{"level":"error","message":"Student not found with ID 67210ff709be39caa1369129","timestamp":"2024-10-30T07:48:18.667Z"}
{"level":"error","message":"Student not found with ID 67210ff709be39caa1369129","timestamp":"2024-10-30T07:48:23.320Z"}
{"level":"error","message":"Student not found with ID 67210ff709be39caa1369129","timestamp":"2024-10-30T07:48:23.836Z"}
{"level":"error","message":"Student not found with ID 67210ff709be39caa1369129","timestamp":"2024-10-30T07:48:24.304Z"}
{"level":"error","message":"Student not found with ID 67210ff709be39caa1369129","timestamp":"2024-10-30T07:48:25.918Z"}
{"level":"error","message":"Student not found with ID 67221577b7c78066cdaa51fc","timestamp":"2024-10-30T15:49:13.348Z"}
{"level":"error","message":"Student not found with ID 67221577b7c78066cdaa51fc","timestamp":"2024-10-30T15:49:13.355Z"}
{"kind":"ObjectId","message":"Cast to ObjectId failed for value \"[object Object]\" (type string) at path \"_id\" for model \"Student\"","name":"CastError","path":"_id","reason":{},"stringValue":"\"[object Object]\"","value":"[object Object]","valueType":"string"}
{"kind":"ObjectId","message":"Cast to ObjectId failed for value \"[object Object]\" (type string) at path \"_id\" for model \"Student\"","name":"CastError","path":"_id","reason":{},"stringValue":"\"[object Object]\"","value":"[object Object]","valueType":"string"}
{"level":"error","message":"Student not found with ID 67221577b7c78066cdaa51fc","timestamp":"2024-10-30T15:50:13.711Z"}
{"level":"error","message":"Student not found with ID 67221577b7c78066cdaa51fc","timestamp":"2024-10-30T15:50:13.716Z"}
{"kind":"ObjectId","message":"Cast to ObjectId failed for value \"[object Object]\" (type string) at path \"_id\" for model \"Student\"","name":"CastError","path":"_id","reason":{},"stringValue":"\"[object Object]\"","value":"[object Object]","valueType":"string"}
{"kind":"ObjectId","message":"Cast to ObjectId failed for value \"[object Object]\" (type string) at path \"_id\" for model \"Student\"","name":"CastError","path":"_id","reason":{},"stringValue":"\"[object Object]\"","value":"[object Object]","valueType":"string"}
{"level":"error","message":"Student not found with ID 67221577b7c78066cdaa51fc","timestamp":"2024-10-30T16:11:56.411Z"}
{"kind":"ObjectId","message":"Cast to ObjectId failed for value \"[object Object]\" (type string) at path \"_id\" for model \"Student\"","name":"CastError","path":"_id","reason":{},"stringValue":"\"[object Object]\"","value":"[object Object]","valueType":"string"}
{"level":"error","message":"Student not found with ID 67221577b7c78066cdaa51fc","timestamp":"2024-10-30T16:11:56.496Z"}
{"kind":"ObjectId","message":"Cast to ObjectId failed for value \"[object Object]\" (type string) at path \"_id\" for model \"Student\"","name":"CastError","path":"_id","reason":{},"stringValue":"\"[object Object]\"","value":"[object Object]","valueType":"string"}
{"level":"error","message":"Student not found with ID 67221577b7c78066cdaa51fc","timestamp":"2024-10-30T16:13:09.473Z"}
{"kind":"ObjectId","message":"Cast to ObjectId failed for value \"[object Object]\" (type string) at path \"_id\" for model \"Student\"","name":"CastError","path":"_id","reason":{},"stringValue":"\"[object Object]\"","value":"[object Object]","valueType":"string"}
{"level":"error","message":"Student not found with ID 67221577b7c78066cdaa51fc","timestamp":"2024-10-30T16:13:09.552Z"}
{"kind":"ObjectId","message":"Cast to ObjectId failed for value \"[object Object]\" (type string) at path \"_id\" for model \"Student\"","name":"CastError","path":"_id","reason":{},"stringValue":"\"[object Object]\"","value":"[object Object]","valueType":"string"}
{"level":"error","message":"Recruiter not found with ID 67225d4cea67af0ff56a9369","timestamp":"2024-10-30T16:29:54.865Z"}
{"level":"error","message":"Recruiter not found with ID 67225d4cea67af0ff56a9369","timestamp":"2024-10-30T16:29:54.966Z"}
{"level":"error","message":"Student not found with ID 672263a024d4354426ded606","timestamp":"2024-10-30T16:56:22.342Z"}
{"level":"error","message":"Student not found with ID 672263a024d4354426ded606","timestamp":"2024-10-30T16:56:22.344Z"}
{"kind":"ObjectId","message":"Cast to ObjectId failed for value \"[object Object]\" (type string) at path \"_id\" for model \"Student\"","name":"CastError","path":"_id","reason":{},"stringValue":"\"[object Object]\"","value":"[object Object]","valueType":"string"}
{"kind":"ObjectId","message":"Cast to ObjectId failed for value \"[object Object]\" (type string) at path \"_id\" for model \"Student\"","name":"CastError","path":"_id","reason":{},"stringValue":"\"[object Object]\"","value":"[object Object]","valueType":"string"}
{"level":"error","message":"Student not found with ID 672263a024d4354426ded606","timestamp":"2024-10-30T16:56:51.145Z"}
{"kind":"ObjectId","message":"Cast to ObjectId failed for value \"[object Object]\" (type string) at path \"_id\" for model \"Student\"","name":"CastError","path":"_id","reason":{},"stringValue":"\"[object Object]\"","value":"[object Object]","valueType":"string"}
{"level":"error","message":"Student not found with ID 672263a024d4354426ded606","timestamp":"2024-10-30T16:56:51.154Z"}
{"kind":"ObjectId","message":"Cast to ObjectId failed for value \"[object Object]\" (type string) at path \"_id\" for model \"Student\"","name":"CastError","path":"_id","reason":{},"stringValue":"\"[object Object]\"","value":"[object Object]","valueType":"string"}
{"level":"error","message":"Student not found with ID 672263a024d4354426ded606","timestamp":"2024-10-30T16:57:17.049Z"}
{"level":"error","message":"Student not found with ID 672263a024d4354426ded606","timestamp":"2024-10-30T16:57:17.051Z"}
{"kind":"ObjectId","message":"Cast to ObjectId failed for value \"[object Object]\" (type string) at path \"_id\" for model \"Student\"","name":"CastError","path":"_id","reason":{},"stringValue":"\"[object Object]\"","value":"[object Object]","valueType":"string"}
{"kind":"ObjectId","message":"Cast to ObjectId failed for value \"[object Object]\" (type string) at path \"_id\" for model \"Student\"","name":"CastError","path":"_id","reason":{},"stringValue":"\"[object Object]\"","value":"[object Object]","valueType":"string"}
{"level":"error","message":"Student not found with ID 672263a024d4354426ded606","timestamp":"2024-10-30T16:58:07.286Z"}
{"level":"error","message":"Student not found with ID 672263a024d4354426ded606","timestamp":"2024-10-30T16:58:07.288Z"}
{"kind":"ObjectId","message":"Cast to ObjectId failed for value \"[object Object]\" (type string) at path \"_id\" for model \"Student\"","name":"CastError","path":"_id","reason":{},"stringValue":"\"[object Object]\"","value":"[object Object]","valueType":"string"}
{"kind":"ObjectId","message":"Cast to ObjectId failed for value \"[object Object]\" (type string) at path \"_id\" for model \"Student\"","name":"CastError","path":"_id","reason":{},"stringValue":"\"[object Object]\"","value":"[object Object]","valueType":"string"}
{"level":"error","message":"Student not found with ID 672263a024d4354426ded606","timestamp":"2024-10-30T16:59:33.832Z"}
{"level":"error","message":"Student not found with ID 672263a024d4354426ded606","timestamp":"2024-10-30T16:59:33.836Z"}
{"kind":"ObjectId","message":"Cast to ObjectId failed for value \"[object Object]\" (type string) at path \"_id\" for model \"Student\"","name":"CastError","path":"_id","reason":{},"stringValue":"\"[object Object]\"","value":"[object Object]","valueType":"string"}
{"kind":"ObjectId","message":"Cast to ObjectId failed for value \"[object Object]\" (type string) at path \"_id\" for model \"Student\"","name":"CastError","path":"_id","reason":{},"stringValue":"\"[object Object]\"","value":"[object Object]","valueType":"string"}
{"level":"error","message":"Student not found with ID 672263a024d4354426ded606","timestamp":"2024-10-30T16:59:42.951Z"}
{"level":"error","message":"Student not found with ID 672263a024d4354426ded606","timestamp":"2024-10-30T16:59:42.957Z"}
{"kind":"ObjectId","message":"Cast to ObjectId failed for value \"[object Object]\" (type string) at path \"_id\" for model \"Student\"","name":"CastError","path":"_id","reason":{},"stringValue":"\"[object Object]\"","value":"[object Object]","valueType":"string"}
{"kind":"ObjectId","message":"Cast to ObjectId failed for value \"[object Object]\" (type string) at path \"_id\" for model \"Student\"","name":"CastError","path":"_id","reason":{},"stringValue":"\"[object Object]\"","value":"[object Object]","valueType":"string"}
{"level":"error","message":"Student not found with ID 672263a024d4354426ded606","timestamp":"2024-10-30T16:59:49.846Z"}
{"level":"error","message":"Student not found with ID 672263a024d4354426ded606","timestamp":"2024-10-30T16:59:49.847Z"}
{"kind":"ObjectId","message":"Cast to ObjectId failed for value \"[object Object]\" (type string) at path \"_id\" for model \"Student\"","name":"CastError","path":"_id","reason":{},"stringValue":"\"[object Object]\"","value":"[object Object]","valueType":"string"}
{"kind":"ObjectId","message":"Cast to ObjectId failed for value \"[object Object]\" (type string) at path \"_id\" for model \"Student\"","name":"CastError","path":"_id","reason":{},"stringValue":"\"[object Object]\"","value":"[object Object]","valueType":"string"}
